0 info it worked if it ends with ok
1 verbose cli [ 'c:\\Archivos de programa\\nodejs\\node.exe',
1 verbose cli   'c:\\Archivos de programa\\nodejs\\node_modules\\npm\\bin\\npm-cli.js',
1 verbose cli   'install',
1 verbose cli   'forever',
1 verbose cli   '-g' ]
2 info using npm@1.3.14
3 info using node@v0.10.22
4 verbose cache add [ 'forever', null ]
5 verbose cache add name=undefined spec="forever" args=["forever",null]
6 verbose parsed url { protocol: null,
6 verbose parsed url   slashes: null,
6 verbose parsed url   auth: null,
6 verbose parsed url   host: null,
6 verbose parsed url   port: null,
6 verbose parsed url   hostname: null,
6 verbose parsed url   hash: null,
6 verbose parsed url   search: null,
6 verbose parsed url   query: null,
6 verbose parsed url   pathname: 'forever',
6 verbose parsed url   path: 'forever',
6 verbose parsed url   href: 'forever' }
7 silly lockFile e07f8c4a-forever forever
8 verbose lock forever C:\Documents and Settings\mastropaoloj\Datos de programa\npm-cache\e07f8c4a-forever.lock
9 silly lockFile e07f8c4a-forever forever
10 silly lockFile e07f8c4a-forever forever
11 verbose addNamed [ 'forever', '' ]
12 verbose addNamed [ null, '*' ]
13 silly lockFile 28ef027b-forever forever@
14 verbose lock forever@ C:\Documents and Settings\mastropaoloj\Datos de programa\npm-cache\28ef027b-forever.lock
15 silly addNameRange { name: 'forever', range: '*', hasData: false }
16 verbose url raw forever
17 verbose url resolving [ 'http://registry.npmjs.org/', './forever' ]
18 verbose url resolved http://registry.npmjs.org/forever
19 info trying registry request attempt 1 at 15:47:33
20 http GET http://registry.npmjs.org/forever
21 http 407 http://registry.npmjs.org/forever
22 verbose bad json <!DOCTYPE HTML PUBLIC "-//W3C//DTD HTML 4.0 Transitional//EN">
22 verbose bad json <HTML><HEAD><TITLE>Error Message</TITLE>
22 verbose bad json <META http-equiv=Content-Type content="text/html; charset=UTF-8">
22 verbose bad json <STYLE id=L_default_1>A {
22 verbose bad json 	FONT-WEIGHT: bold; FONT-SIZE: 10pt; COLOR: #005a80; FONT-FAMILY: tahoma
22 verbose bad json }
22 verbose bad json A:hover {
22 verbose bad json 	FONT-WEIGHT: bold; FONT-SIZE: 10pt; COLOR: #0d3372; FONT-FAMILY: tahoma
22 verbose bad json }
22 verbose bad json TD {
22 verbose bad json 	FONT-SIZE: 8pt; FONT-FAMILY: tahoma
22 verbose bad json }
22 verbose bad json TD.titleBorder {
22 verbose bad json 	BORDER-RIGHT: #955319 1px solid; BORDER-TOP: #955319 1px solid; PADDING-LEFT: 8px; FONT-WEIGHT: bold; FONT-SIZE: 12pt; VERTICAL-ALIGN: middle; BORDER-LEFT: #955319 0px solid; COLOR: #955319; BORDER-BOTTOM: #955319 1px solid; FONT-FAMILY: tahoma; HEIGHT: 35px; BACKGROUND-COLOR: #d2b87a; TEXT-ALIGN: left
22 verbose bad json }
22 verbose bad json TD.titleBorderx {
22 verbose bad json 	BORDER-RIGHT: #955319 0px solid; BORDER-TOP: #955319 1px solid; PADDING-LEFT: 8px; FONT-WEIGHT: bold; FONT-SIZE: 12pt; VERTICAL-ALIGN: middle; BORDER-LEFT: #955319 1px solid; COLOR: #978c79; BORDER-BOTTOM: #955319 1px solid; FONT-FAMILY: tahoma; HEIGHT: 35px; BACKGROUND-COLOR: #d2b87a; TEXT-ALIGN: left
22 verbose bad json }
22 verbose bad json .TitleDescription {
22 verbose bad json 	FONT-WEIGHT: bold; FONT-SIZE: 12pt; COLOR: black; FONT-FAMILY: tahoma
22 verbose bad json }
22 verbose bad json SPAN.explain {
22 verbose bad json 	FONT-WEIGHT: normal; FONT-SIZE: 10pt; COLOR: #934225
22 verbose bad json }
22 verbose bad json SPAN.TryThings {
22 verbose bad json 	FONT-WEIGHT: normal; FONT-SIZE: 10pt; COLOR: #934225
22 verbose bad json }
22 verbose bad json .TryList {
22 verbose bad json 	MARGIN-TOP: 5px; FONT-WEIGHT: normal; FONT-SIZE: 8pt; COLOR: black; FONT-FAMILY: tahoma
22 verbose bad json }
22 verbose bad json .X {
22 verbose bad json 	BORDER-RIGHT: #955319 1px solid; BORDER-TOP: #955319 1px solid; FONT-WEIGHT: normal; FONT-SIZE: 12pt; BORDER-LEFT: #955319 1px solid; COLOR: #7b3807; BORDER-BOTTOM: #955319 1px solid; FONT-FAMILY: verdana; BACKGROUND-COLOR: #d1c2b4
22 verbose bad json }
22 verbose bad json .adminList {
22 verbose bad json 	MARGIN-TOP: 2px
22 verbose bad json }
22 verbose bad json </STYLE>
22 verbose bad json <META content="MSHTML 6.00.2800.1170" name=GENERATOR></HEAD>
22 verbose bad json <BODY bgColor=#f3f3ed>
22 verbose bad json <TABLE cellSpacing=0 cellPadding=0 width="100%">
22 verbose bad json   <TBODY>
22 verbose bad json   <TR>
22 verbose bad json     <TD class=titleBorderx width=30>
22 verbose bad json       <TABLE height=25 cellSpacing=2 cellPadding=0 width=25 bgColor=black>
22 verbose bad json         <TBODY>
22 verbose bad json         <TR>
22 verbose bad json           <TD id=L_default_x class=x valign=middle align=center>X</TD>
22 verbose bad json         </TR>
22 verbose bad json         </TBODY>
22 verbose bad json       </TABLE>
22 verbose bad json     </TD>
22 verbose bad json     <TD class=titleBorder id=L_default_2>Network Access Message:<SPAN class=TitleDescription> The page cannot be displayed</SPAN> </TD>
22 verbose bad json   </TR>
22 verbose bad json   </TBODY>
22 verbose bad json </TABLE>
22 verbose bad json
22 verbose bad json <TABLE id=spacer>
22 verbose bad json   <TBODY>
22 verbose bad json   <TR>
22 verbose bad json     <TD height=10></TD></TR></TBODY></TABLE>
22 verbose bad json <TABLE width=400>
22 verbose bad json   <TBODY>
22 verbose bad json   <TR>
22 verbose bad json     <TD noWrap width=25></TD>
22 verbose bad json     <TD width=400><SPAN class=explain><ID id=L_default_3><B>Explanation:</B></ID></SPAN><ID id=L_default_4> There is a problem with the page you are trying to reach and it cannot be displayed. </ID><BR><BR>
22 verbose bad json     <B><SPAN class=tryThings><ID id=L_default_5><B>Try the following:</B></ID></SPAN></B>
22 verbose bad json       <UL class=TryList>
22 verbose bad json         <LI id=L_default_6><B>Refresh page:</B> Search for the page again by clicking the Refresh button. The timeout may have occurred due to Internet congestion.
22 verbose bad json <LI id=L_default_7><B>Check spelling:</B> Check that you typed the Web page address correctly. The address may have been mistyped.
22 verbose bad json <LI id=L_default_8><B>Access from a link:</B> If there is a link to the page you are looking for, try accessing the page from that link.
22 verbose bad json
22 verbose bad json       </UL>
22 verbose bad json <ID id=L_default_9>If you are still not able to view the requested page, try contacting your administrator or Helpdesk.</ID> <BR><BR>
22 verbose bad json     </TD>
22 verbose bad json   </TR>
22 verbose bad json   </TBODY>
22 verbose bad json </TABLE>
22 verbose bad json
22 verbose bad json <TABLE id=spacer><TBODY><TR><TD height=15></TD></TR></TBODY></TABLE>
22 verbose bad json
22 verbose bad json <TABLE width=400>
22 verbose bad json   <TBODY>
22 verbose bad json   <TR>
22 verbose bad json     <TD noWrap width=25></TD>
22 verbose bad json     <TD width=400 id=L_default_10><B>Technical Information (for support personnel)</B>
22 verbose bad json       <UL class=adminList>
22 verbose bad json         <LI id=L_default_11>Error Code: 407 Proxy Authentication Required. Forefront TMG requires authorization to fulfill the request. Access to the Web Proxy filter is denied. (12209)
22 verbose bad json <LI id=L_default_12>IP Address: 10.249.19.22
22 verbose bad json <LI id=L_default_13>Date: 8/21/2014 6:47:34 PM [GMT]
22 verbose bad json <LI id=L_default_14>Server: FFTMG05.tasa.telefonica.com.ar
22 verbose bad json <LI id=L_default_15>Source: proxy
22 verbose bad json
22 verbose bad json       </UL>
22 verbose bad json     </TD>
22 verbose bad json   </TR>
22 verbose bad json   </TBODY>
22 verbose bad json </TABLE>
22 verbose bad json
22 verbose bad json </BODY>
22 verbose bad json </HTML>
23 error registry error parsing json
24 silly registry.get cb [ 407,
24 silly registry.get   { via: '1.1 FFTMG05',
24 silly registry.get     'proxy-authenticate': 'Negotiate, Kerberos, NTLM',
24 silly registry.get     connection: 'Keep-Alive',
24 silly registry.get     'proxy-connection': 'Keep-Alive',
24 silly registry.get     pragma: 'no-cache',
24 silly registry.get     'cache-control': 'no-cache',
24 silly registry.get     'content-type': 'text/html',
24 silly registry.get     'content-length': '4135  ' } ]
25 silly lockFile 28ef027b-forever forever@
26 silly lockFile 28ef027b-forever forever@
27 error SyntaxError: Unexpected token <
27 error <!DOCTYPE HTML PUBLIC "-//W3C//DTD HTML 4.0 Transitional//EN">
27 error <HTML><HEAD><TITLE>Error Message</TITLE>
27 error <META http-equiv=Content-Type content="text/html; charset=UTF-8">
27 error <STYLE id=L_default_1>A {
27 error 	FONT-WEIGHT: bold; FONT-SIZE: 10pt; COLOR: #005a80; FONT-FAMILY: tahoma
27 error }
27 error A:hover {
27 error 	FONT-WEIGHT: bold; FONT-SIZE: 10pt; COLOR: #0d3372; FONT-FAMILY: tahoma
27 error }
27 error TD {
27 error 	FONT-SIZE: 8pt; FONT-FAMILY: tahoma
27 error }
27 error TD.titleBorder {
27 error 	BORDER-RIGHT: #955319 1px solid; BORDER-TOP: #955319 1px solid; PADDING-LEFT: 8px; FONT-WEIGHT: bold; FONT-SIZE: 12pt; VERTICAL-ALIGN: middle; BORDER-LEFT: #955319 0px solid; COLOR: #955319; BORDER-BOTTOM: #955319 1px solid; FONT-FAMILY: tahoma; HEIGHT: 35px; BACKGROUND-COLOR: #d2b87a; TEXT-ALIGN: left
27 error }
27 error TD.titleBorderx {
27 error 	BORDER-RIGHT: #955319 0px solid; BORDER-TOP: #955319 1px solid; PADDING-LEFT: 8px; FONT-WEIGHT: bold; FONT-SIZE: 12pt; VERTICAL-ALIGN: middle; BORDER-LEFT: #955319 1px solid; COLOR: #978c79; BORDER-BOTTOM: #955319 1px solid; FONT-FAMILY: tahoma; HEIGHT: 35px; BACKGROUND-COLOR: #d2b87a; TEXT-ALIGN: left
27 error }
27 error .TitleDescription {
27 error 	FONT-WEIGHT: bold; FONT-SIZE: 12pt; COLOR: black; FONT-FAMILY: tahoma
27 error }
27 error SPAN.explain {
27 error 	FONT-WEIGHT: normal; FONT-SIZE: 10pt; COLOR: #934225
27 error }
27 error SPAN.TryThings {
27 error 	FONT-WEIGHT: normal; FONT-SIZE: 10pt; COLOR: #934225
27 error }
27 error .TryList {
27 error 	MARGIN-TOP: 5px; FONT-WEIGHT: normal; FONT-SIZE: 8pt; COLOR: black; FONT-FAMILY: tahoma
27 error }
27 error .X {
27 error 	BORDER-RIGHT: #955319 1px solid; BORDER-TOP: #955319 1px solid; FONT-WEIGHT: normal; FONT-SIZE: 12pt; BORDER-LEFT: #955319 1px solid; COLOR: #7b3807; BORDER-BOTTOM: #955319 1px solid; FONT-FAMILY: verdana; BACKGROUND-COLOR: #d1c2b4
27 error }
27 error .adminList {
27 error 	MARGIN-TOP: 2px
27 error }
27 error </STYLE>
27 error <META content="MSHTML 6.00.2800.1170" name=GENERATOR></HEAD>
27 error <BODY bgColor=#f3f3ed>
27 error <TABLE cellSpacing=0 cellPadding=0 width="100%">
27 error   <TBODY>
27 error   <TR>
27 error     <TD class=titleBorderx width=30>
27 error       <TABLE height=25 cellSpacing=2 cellPadding=0 width=25 bgColor=black>
27 error         <TBODY>
27 error         <TR>
27 error           <TD id=L_default_x class=x valign=middle align=center>X</TD>
27 error         </TR>
27 error         </TBODY>
27 error       </TABLE>
27 error     </TD>
27 error     <TD class=titleBorder id=L_default_2>Network Access Message:<SPAN class=TitleDescription> The page cannot be displayed</SPAN> </TD>
27 error   </TR>
27 error   </TBODY>
27 error </TABLE>
27 error
27 error <TABLE id=spacer>
27 error   <TBODY>
27 error   <TR>
27 error     <TD height=10></TD></TR></TBODY></TABLE>
27 error <TABLE width=400>
27 error   <TBODY>
27 error   <TR>
27 error     <TD noWrap width=25></TD>
27 error     <TD width=400><SPAN class=explain><ID id=L_default_3><B>Explanation:</B></ID></SPAN><ID id=L_default_4> There is a problem with the page you are trying to reach and it cannot be displayed. </ID><BR><BR>
27 error     <B><SPAN class=tryThings><ID id=L_default_5><B>Try the following:</B></ID></SPAN></B>
27 error       <UL class=TryList>
27 error         <LI id=L_default_6><B>Refresh page:</B> Search for the page again by clicking the Refresh button. The timeout may have occurred due to Internet congestion.
27 error <LI id=L_default_7><B>Check spelling:</B> Check that you typed the Web page address correctly. The address may have been mistyped.
27 error <LI id=L_default_8><B>Access from a link:</B> If there is a link to the page you are looking for, try accessing the page from that link.
27 error
27 error       </UL>
27 error <ID id=L_default_9>If you are still not able to view the requested page, try contacting your administrator or Helpdesk.</ID> <BR><BR>
27 error     </TD>
27 error   </TR>
27 error   </TBODY>
27 error </TABLE>
27 error
27 error <TABLE id=spacer><TBODY><TR><TD height=15></TD></TR></TBODY></TABLE>
27 error
27 error <TABLE width=400>
27 error   <TBODY>
27 error   <TR>
27 error     <TD noWrap width=25></TD>
27 error     <TD width=400 id=L_default_10><B>Technical Information (for support personnel)</B>
27 error       <UL class=adminList>
27 error         <LI id=L_default_11>Error Code: 407 Proxy Authentication Required. Forefront TMG requires authorization to fulfill the request. Access to the Web Proxy filter is denied. (12209)
27 error <LI id=L_default_12>IP Address: 10.249.19.22
27 error <LI id=L_default_13>Date: 8/21/2014 6:47:34 PM [GMT]
27 error <LI id=L_default_14>Server: FFTMG05.tasa.telefonica.com.ar
27 error <LI id=L_default_15>Source: proxy
27 error
27 error       </UL>
27 error     </TD>
27 error   </TR>
27 error   </TBODY>
27 error </TABLE>
27 error
27 error </BODY>
27 error </HTML>
27 error
27 error
27 error     at Object.parse (native)
27 error     at RegClient.<anonymous> (c:\Archivos de programa\nodejs\node_modules\npm\node_modules\npm-registry-client\lib\request.js:238:23)
27 error     at Request.self.callback (c:\Archivos de programa\nodejs\node_modules\npm\node_modules\request\request.js:129:22)
27 error     at Request.EventEmitter.emit (events.js:98:17)
27 error     at Request.<anonymous> (c:\Archivos de programa\nodejs\node_modules\npm\node_modules\request\request.js:873:14)
27 error     at Request.EventEmitter.emit (events.js:117:20)
27 error     at IncomingMessage.<anonymous> (c:\Archivos de programa\nodejs\node_modules\npm\node_modules\request\request.js:824:12)
27 error     at IncomingMessage.EventEmitter.emit (events.js:117:20)
27 error     at _stream_readable.js:920:16
27 error     at process._tickCallback (node.js:415:13)
28 error If you need help, you may report this log at:
28 error     <http://github.com/isaacs/npm/issues>
28 error or email it to:
28 error     <npm-@googlegroups.com>
29 error System Windows_NT 5.1.2600
30 error command "c:\\Archivos de programa\\nodejs\\node.exe" "c:\\Archivos de programa\\nodejs\\node_modules\\npm\\bin\\npm-cli.js" "install" "forever" "-g"
31 error cwd d:\dev\panel\panel
32 error node -v v0.10.22
33 error npm -v 1.3.14
34 error type unexpected_token
35 verbose exit [ 1, true ]
